<?xml version="1.0" encoding="UTF-8"?>
<testng-results skipped="0" failed="0" ignored="0" total="2" passed="2">
  <reporter-output>
  </reporter-output>
  <suite name="Suite" duration-ms="28551" started-at="2022-01-12T16:07:38 IST" finished-at="2022-01-12T16:08:07 IST">
    <groups>
    </groups>
    <test name="Test" duration-ms="28551" started-at="2022-01-12T16:07:38 IST" finished-at="2022-01-12T16:08:07 IST">
      <class name="TC1">
        <test-method status="PASS" signature="TestCaseOne()[pri:0, instance:TC1@4e9ba398]" name="TestCaseOne" duration-ms="16101" started-at="2022-01-12T16:07:38 IST" finished-at="2022-01-12T16:07:54 IST">
          <reporter-output>
          </reporter-output>
        </test-method> <!-- TestCaseOne -->
        <test-method status="PASS" signature="testCase2()[pri:0, instance:TC1@4e9ba398]" name="testCase2" duration-ms="12382" started-at="2022-01-12T16:07:54 IST" finished-at="2022-01-12T16:08:07 IST">
          <reporter-output>
          </reporter-output>
        </test-method> <!-- testCase2 -->
      </class> <!-- TC1 -->
    </test> <!-- Test -->
  </suite> <!-- Suite -->
</testng-results>
