<?xml version="1.0" encoding="UTF-8"?>
<testng-results ignored="0" total="2" passed="2" failed="0" skipped="0">
  <reporter-output>
  </reporter-output>
  <suite started-at="2022-02-17T08:00:36 IST" name="Suite" finished-at="2022-02-17T08:00:41 IST" duration-ms="5152">
    <groups>
    </groups>
    <test started-at="2022-02-17T08:00:36 IST" name="Test" finished-at="2022-02-17T08:00:41 IST" duration-ms="5152">
      <class name="TC1">
        <test-method signature="TestCaseOne()[pri:0, instance:TC1@6f0ca692]" started-at="2022-02-17T08:00:36 IST" name="TestCaseOne" finished-at="2022-02-17T08:00:40 IST" duration-ms="4023" status="PASS">
          <reporter-output>
          </reporter-output>
        </test-method> <!-- TestCaseOne -->
        <test-method signature="testCase2()[pri:0, instance:TC1@6f0ca692]" started-at="2022-02-17T08:00:40 IST" name="testCase2" finished-at="2022-02-17T08:00:41 IST" duration-ms="1075" status="PASS">
          <reporter-output>
          </reporter-output>
        </test-method> <!-- testCase2 -->
      </class> <!-- TC1 -->
    </test> <!-- Test -->
  </suite> <!-- Suite -->
</testng-results>
